<?xml version="1.0" encoding="UTF-8"?>
<testsuite name="TaskTest" tests="2" skipped="0" failures="0" errors="0" timestamp="2016-04-26T16:44:48" hostname="epicodus-39.local" time="0.0">
  <properties/>
  <testcase name="Task_instantiatesCorrectly_true" classname="TaskTest" time="0.0"/>
  <testcase name="Task_instantiatesWithDescription_String" classname="TaskTest" time="0.0"/>
  <system-out><![CDATA[]]></system-out>
  <system-err><![CDATA[]]></system-err>
</testsuite>
